
> fortivault@0.1.0 dev /workspace/project/fortivault
> next dev --port 12000 --hostname 0.0.0.0

   ▲ Next.js 15.2.4
   - Local:        http://localhost:12000
   - Network:      http://0.0.0.0:12000
   - Environments: .env.local

 ✓ Starting...
 ○ Compiling /instrumentation ...
 ⚠ ./node_modules/.pnpm/@opentelemetry+instrumentation@0.203.0_@opentelemetry+api@1.9.0/node_modules/@opentelemetry/instrumentation/build/esm/platform/node/instrumentation.js
Critical dependency: the request of a dependency is an expression

Import trace for requested module:
./node_modules/.pnpm/@opentelemetry+instrumentation@0.203.0_@opentelemetry+api@1.9.0/node_modules/@opentelemetry/instrumentation/build/esm/platform/node/instrumentation.js
./node_modules/.pnpm/@opentelemetry+instrumentation@0.203.0_@opentelemetry+api@1.9.0/node_modules/@opentelemetry/instrumentation/build/esm/platform/node/index.js
./node_modules/.pnpm/@opentelemetry+instrumentation@0.203.0_@opentelemetry+api@1.9.0/node_modules/@opentelemetry/instrumentation/build/esm/platform/index.js
./node_modules/.pnpm/@opentelemetry+instrumentation@0.203.0_@opentelemetry+api@1.9.0/node_modules/@opentelemetry/instrumentation/build/esm/index.js
./node_modules/.pnpm/@sentry+node@10.11.0/node_modules/@sentry/node/build/cjs/integrations/tracing/postgresjs.js
./node_modules/.pnpm/@sentry+node@10.11.0/node_modules/@sentry/node/build/cjs/index.js
./node_modules/.pnpm/@sentry+nextjs@10.11.0_@opentelemetry+context-async-hooks@2.1.0_@opentelemetry+api@1.9._d6ad509e5af4856a25ff689dc5b5798a/node_modules/@sentry/nextjs/build/cjs/index.server.js
./instrumentation-server.ts

./node_modules/.pnpm/require-in-the-middle@7.5.2/node_modules/require-in-the-middle/index.js
Critical dependency: require function is used in a way in which dependencies cannot be statically extracted

Import trace for requested module:
./node_modules/.pnpm/require-in-the-middle@7.5.2/node_modules/require-in-the-middle/index.js
./node_modules/.pnpm/@opentelemetry+instrumentation@0.203.0_@opentelemetry+api@1.9.0/node_modules/@opentelemetry/instrumentation/build/esm/platform/node/instrumentation.js
./node_modules/.pnpm/@opentelemetry+instrumentation@0.203.0_@opentelemetry+api@1.9.0/node_modules/@opentelemetry/instrumentation/build/esm/platform/node/index.js
./node_modules/.pnpm/@opentelemetry+instrumentation@0.203.0_@opentelemetry+api@1.9.0/node_modules/@opentelemetry/instrumentation/build/esm/platform/index.js
./node_modules/.pnpm/@opentelemetry+instrumentation@0.203.0_@opentelemetry+api@1.9.0/node_modules/@opentelemetry/instrumentation/build/esm/index.js
./node_modules/.pnpm/@sentry+node@10.11.0/node_modules/@sentry/node/build/cjs/integrations/tracing/postgresjs.js
./node_modules/.pnpm/@sentry+node@10.11.0/node_modules/@sentry/node/build/cjs/index.js
./node_modules/.pnpm/@sentry+nextjs@10.11.0_@opentelemetry+context-async-hooks@2.1.0_@opentelemetry+api@1.9._d6ad509e5af4856a25ff689dc5b5798a/node_modules/@sentry/nextjs/build/cjs/index.server.js
./instrumentation-server.ts
 ✓ Ready in 4.4s
 ⚠ ./node_modules/.pnpm/@opentelemetry+instrumentation@0.203.0_@opentelemetry+api@1.9.0/node_modules/@opentelemetry/instrumentation/build/esm/platform/node/instrumentation.js
Critical dependency: the request of a dependency is an expression

Import trace for requested module:
./node_modules/.pnpm/@opentelemetry+instrumentation@0.203.0_@opentelemetry+api@1.9.0/node_modules/@opentelemetry/instrumentation/build/esm/platform/node/instrumentation.js
./node_modules/.pnpm/@opentelemetry+instrumentation@0.203.0_@opentelemetry+api@1.9.0/node_modules/@opentelemetry/instrumentation/build/esm/platform/node/index.js
./node_modules/.pnpm/@opentelemetry+instrumentation@0.203.0_@opentelemetry+api@1.9.0/node_modules/@opentelemetry/instrumentation/build/esm/platform/index.js
./node_modules/.pnpm/@opentelemetry+instrumentation@0.203.0_@opentelemetry+api@1.9.0/node_modules/@opentelemetry/instrumentation/build/esm/index.js
./node_modules/.pnpm/@sentry+node@10.11.0/node_modules/@sentry/node/build/cjs/integrations/tracing/postgresjs.js
./node_modules/.pnpm/@sentry+node@10.11.0/node_modules/@sentry/node/build/cjs/index.js
./node_modules/.pnpm/@sentry+nextjs@10.11.0_@opentelemetry+context-async-hooks@2.1.0_@opentelemetry+api@1.9._d6ad509e5af4856a25ff689dc5b5798a/node_modules/@sentry/nextjs/build/cjs/index.server.js
./instrumentation-server.ts

./node_modules/.pnpm/require-in-the-middle@7.5.2/node_modules/require-in-the-middle/index.js
Critical dependency: require function is used in a way in which dependencies cannot be statically extracted

Import trace for requested module:
./node_modules/.pnpm/require-in-the-middle@7.5.2/node_modules/require-in-the-middle/index.js
./node_modules/.pnpm/@opentelemetry+instrumentation@0.203.0_@opentelemetry+api@1.9.0/node_modules/@opentelemetry/instrumentation/build/esm/platform/node/instrumentation.js
./node_modules/.pnpm/@opentelemetry+instrumentation@0.203.0_@opentelemetry+api@1.9.0/node_modules/@opentelemetry/instrumentation/build/esm/platform/node/index.js
./node_modules/.pnpm/@opentelemetry+instrumentation@0.203.0_@opentelemetry+api@1.9.0/node_modules/@opentelemetry/instrumentation/build/esm/platform/index.js
./node_modules/.pnpm/@opentelemetry+instrumentation@0.203.0_@opentelemetry+api@1.9.0/node_modules/@opentelemetry/instrumentation/build/esm/index.js
./node_modules/.pnpm/@sentry+node@10.11.0/node_modules/@sentry/node/build/cjs/integrations/tracing/postgresjs.js
./node_modules/.pnpm/@sentry+node@10.11.0/node_modules/@sentry/node/build/cjs/index.js
./node_modules/.pnpm/@sentry+nextjs@10.11.0_@opentelemetry+context-async-hooks@2.1.0_@opentelemetry+api@1.9._d6ad509e5af4856a25ff689dc5b5798a/node_modules/@sentry/nextjs/build/cjs/index.server.js
./instrumentation-server.ts
 ⚠ ./node_modules/.pnpm/@opentelemetry+instrumentation@0.203.0_@opentelemetry+api@1.9.0/node_modules/@opentelemetry/instrumentation/build/esm/platform/node/instrumentation.js
Critical dependency: the request of a dependency is an expression

Import trace for requested module:
./node_modules/.pnpm/@opentelemetry+instrumentation@0.203.0_@opentelemetry+api@1.9.0/node_modules/@opentelemetry/instrumentation/build/esm/platform/node/instrumentation.js
./node_modules/.pnpm/@opentelemetry+instrumentation@0.203.0_@opentelemetry+api@1.9.0/node_modules/@opentelemetry/instrumentation/build/esm/platform/node/index.js
./node_modules/.pnpm/@opentelemetry+instrumentation@0.203.0_@opentelemetry+api@1.9.0/node_modules/@opentelemetry/instrumentation/build/esm/platform/index.js
./node_modules/.pnpm/@opentelemetry+instrumentation@0.203.0_@opentelemetry+api@1.9.0/node_modules/@opentelemetry/instrumentation/build/esm/index.js
./node_modules/.pnpm/@sentry+node@10.11.0/node_modules/@sentry/node/build/cjs/integrations/tracing/postgresjs.js
./node_modules/.pnpm/@sentry+node@10.11.0/node_modules/@sentry/node/build/cjs/index.js
./node_modules/.pnpm/@sentry+nextjs@10.11.0_@opentelemetry+context-async-hooks@2.1.0_@opentelemetry+api@1.9._d6ad509e5af4856a25ff689dc5b5798a/node_modules/@sentry/nextjs/build/cjs/index.server.js
./instrumentation-server.ts

./node_modules/.pnpm/require-in-the-middle@7.5.2/node_modules/require-in-the-middle/index.js
Critical dependency: require function is used in a way in which dependencies cannot be statically extracted

Import trace for requested module:
./node_modules/.pnpm/require-in-the-middle@7.5.2/node_modules/require-in-the-middle/index.js
./node_modules/.pnpm/@opentelemetry+instrumentation@0.203.0_@opentelemetry+api@1.9.0/node_modules/@opentelemetry/instrumentation/build/esm/platform/node/instrumentation.js
./node_modules/.pnpm/@opentelemetry+instrumentation@0.203.0_@opentelemetry+api@1.9.0/node_modules/@opentelemetry/instrumentation/build/esm/platform/node/index.js
./node_modules/.pnpm/@opentelemetry+instrumentation@0.203.0_@opentelemetry+api@1.9.0/node_modules/@opentelemetry/instrumentation/build/esm/platform/index.js
./node_modules/.pnpm/@opentelemetry+instrumentation@0.203.0_@opentelemetry+api@1.9.0/node_modules/@opentelemetry/instrumentation/build/esm/index.js
./node_modules/.pnpm/@sentry+node@10.11.0/node_modules/@sentry/node/build/cjs/integrations/tracing/postgresjs.js
./node_modules/.pnpm/@sentry+node@10.11.0/node_modules/@sentry/node/build/cjs/index.js
./node_modules/.pnpm/@sentry+nextjs@10.11.0_@opentelemetry+context-async-hooks@2.1.0_@opentelemetry+api@1.9._d6ad509e5af4856a25ff689dc5b5798a/node_modules/@sentry/nextjs/build/cjs/index.server.js
./instrumentation-server.ts
 ⚠ ./node_modules/.pnpm/@opentelemetry+instrumentation@0.203.0_@opentelemetry+api@1.9.0/node_modules/@opentelemetry/instrumentation/build/esm/platform/node/instrumentation.js
Critical dependency: the request of a dependency is an expression

Import trace for requested module:
./node_modules/.pnpm/@opentelemetry+instrumentation@0.203.0_@opentelemetry+api@1.9.0/node_modules/@opentelemetry/instrumentation/build/esm/platform/node/instrumentation.js
./node_modules/.pnpm/@opentelemetry+instrumentation@0.203.0_@opentelemetry+api@1.9.0/node_modules/@opentelemetry/instrumentation/build/esm/platform/node/index.js
./node_modules/.pnpm/@opentelemetry+instrumentation@0.203.0_@opentelemetry+api@1.9.0/node_modules/@opentelemetry/instrumentation/build/esm/platform/index.js
./node_modules/.pnpm/@opentelemetry+instrumentation@0.203.0_@opentelemetry+api@1.9.0/node_modules/@opentelemetry/instrumentation/build/esm/index.js
./node_modules/.pnpm/@sentry+node@10.11.0/node_modules/@sentry/node/build/cjs/integrations/tracing/postgresjs.js
./node_modules/.pnpm/@sentry+node@10.11.0/node_modules/@sentry/node/build/cjs/index.js
./node_modules/.pnpm/@sentry+nextjs@10.11.0_@opentelemetry+context-async-hooks@2.1.0_@opentelemetry+api@1.9._d6ad509e5af4856a25ff689dc5b5798a/node_modules/@sentry/nextjs/build/cjs/index.server.js
./instrumentation-server.ts

./node_modules/.pnpm/require-in-the-middle@7.5.2/node_modules/require-in-the-middle/index.js
Critical dependency: require function is used in a way in which dependencies cannot be statically extracted

Import trace for requested module:
./node_modules/.pnpm/require-in-the-middle@7.5.2/node_modules/require-in-the-middle/index.js
./node_modules/.pnpm/@opentelemetry+instrumentation@0.203.0_@opentelemetry+api@1.9.0/node_modules/@opentelemetry/instrumentation/build/esm/platform/node/instrumentation.js
./node_modules/.pnpm/@opentelemetry+instrumentation@0.203.0_@opentelemetry+api@1.9.0/node_modules/@opentelemetry/instrumentation/build/esm/platform/node/index.js
./node_modules/.pnpm/@opentelemetry+instrumentation@0.203.0_@opentelemetry+api@1.9.0/node_modules/@opentelemetry/instrumentation/build/esm/platform/index.js
./node_modules/.pnpm/@opentelemetry+instrumentation@0.203.0_@opentelemetry+api@1.9.0/node_modules/@opentelemetry/instrumentation/build/esm/index.js
./node_modules/.pnpm/@sentry+node@10.11.0/node_modules/@sentry/node/build/cjs/integrations/tracing/postgresjs.js
./node_modules/.pnpm/@sentry+node@10.11.0/node_modules/@sentry/node/build/cjs/index.js
./node_modules/.pnpm/@sentry+nextjs@10.11.0_@opentelemetry+context-async-hooks@2.1.0_@opentelemetry+api@1.9._d6ad509e5af4856a25ff689dc5b5798a/node_modules/@sentry/nextjs/build/cjs/index.server.js
./instrumentation-server.ts
 ⚠ ./node_modules/.pnpm/@opentelemetry+instrumentation@0.203.0_@opentelemetry+api@1.9.0/node_modules/@opentelemetry/instrumentation/build/esm/platform/node/instrumentation.js
Critical dependency: the request of a dependency is an expression

Import trace for requested module:
./node_modules/.pnpm/@opentelemetry+instrumentation@0.203.0_@opentelemetry+api@1.9.0/node_modules/@opentelemetry/instrumentation/build/esm/platform/node/instrumentation.js
./node_modules/.pnpm/@opentelemetry+instrumentation@0.203.0_@opentelemetry+api@1.9.0/node_modules/@opentelemetry/instrumentation/build/esm/platform/node/index.js
./node_modules/.pnpm/@opentelemetry+instrumentation@0.203.0_@opentelemetry+api@1.9.0/node_modules/@opentelemetry/instrumentation/build/esm/platform/index.js
./node_modules/.pnpm/@opentelemetry+instrumentation@0.203.0_@opentelemetry+api@1.9.0/node_modules/@opentelemetry/instrumentation/build/esm/index.js
./node_modules/.pnpm/@sentry+node@10.11.0/node_modules/@sentry/node/build/cjs/integrations/tracing/postgresjs.js
./node_modules/.pnpm/@sentry+node@10.11.0/node_modules/@sentry/node/build/cjs/index.js
./node_modules/.pnpm/@sentry+nextjs@10.11.0_@opentelemetry+context-async-hooks@2.1.0_@opentelemetry+api@1.9._d6ad509e5af4856a25ff689dc5b5798a/node_modules/@sentry/nextjs/build/cjs/index.server.js
./instrumentation-server.ts

./node_modules/.pnpm/require-in-the-middle@7.5.2/node_modules/require-in-the-middle/index.js
Critical dependency: require function is used in a way in which dependencies cannot be statically extracted

Import trace for requested module:
./node_modules/.pnpm/require-in-the-middle@7.5.2/node_modules/require-in-the-middle/index.js
./node_modules/.pnpm/@opentelemetry+instrumentation@0.203.0_@opentelemetry+api@1.9.0/node_modules/@opentelemetry/instrumentation/build/esm/platform/node/instrumentation.js
./node_modules/.pnpm/@opentelemetry+instrumentation@0.203.0_@opentelemetry+api@1.9.0/node_modules/@opentelemetry/instrumentation/build/esm/platform/node/index.js
./node_modules/.pnpm/@opentelemetry+instrumentation@0.203.0_@opentelemetry+api@1.9.0/node_modules/@opentelemetry/instrumentation/build/esm/platform/index.js
./node_modules/.pnpm/@opentelemetry+instrumentation@0.203.0_@opentelemetry+api@1.9.0/node_modules/@opentelemetry/instrumentation/build/esm/index.js
./node_modules/.pnpm/@sentry+node@10.11.0/node_modules/@sentry/node/build/cjs/integrations/tracing/postgresjs.js
./node_modules/.pnpm/@sentry+node@10.11.0/node_modules/@sentry/node/build/cjs/index.js
./node_modules/.pnpm/@sentry+nextjs@10.11.0_@opentelemetry+context-async-hooks@2.1.0_@opentelemetry+api@1.9._d6ad509e5af4856a25ff689dc5b5798a/node_modules/@sentry/nextjs/build/cjs/index.server.js
./instrumentation-server.ts
⚠️  Node.js 18 and below are deprecated and will no longer be supported in future versions of @supabase/supabase-js. Please upgrade to Node.js 20 or later. For more information, visit: https://github.com/orgs/supabase/discussions/37217
 GET / 200 in 5561ms
 GET / 200 in 104ms
 GET / 200 in 116ms
 ⚠ ./node_modules/.pnpm/@opentelemetry+instrumentation@0.203.0_@opentelemetry+api@1.9.0/node_modules/@opentelemetry/instrumentation/build/esm/platform/node/instrumentation.js
Critical dependency: the request of a dependency is an expression

Import trace for requested module:
./node_modules/.pnpm/@opentelemetry+instrumentation@0.203.0_@opentelemetry+api@1.9.0/node_modules/@opentelemetry/instrumentation/build/esm/platform/node/instrumentation.js
./node_modules/.pnpm/@opentelemetry+instrumentation@0.203.0_@opentelemetry+api@1.9.0/node_modules/@opentelemetry/instrumentation/build/esm/platform/node/index.js
./node_modules/.pnpm/@opentelemetry+instrumentation@0.203.0_@opentelemetry+api@1.9.0/node_modules/@opentelemetry/instrumentation/build/esm/platform/index.js
./node_modules/.pnpm/@opentelemetry+instrumentation@0.203.0_@opentelemetry+api@1.9.0/node_modules/@opentelemetry/instrumentation/build/esm/index.js
./node_modules/.pnpm/@sentry+node@10.11.0/node_modules/@sentry/node/build/cjs/integrations/tracing/postgresjs.js
./node_modules/.pnpm/@sentry+node@10.11.0/node_modules/@sentry/node/build/cjs/index.js
./node_modules/.pnpm/@sentry+nextjs@10.11.0_@opentelemetry+context-async-hooks@2.1.0_@opentelemetry+api@1.9._d6ad509e5af4856a25ff689dc5b5798a/node_modules/@sentry/nextjs/build/cjs/index.server.js
./instrumentation-server.ts

./node_modules/.pnpm/require-in-the-middle@7.5.2/node_modules/require-in-the-middle/index.js
Critical dependency: require function is used in a way in which dependencies cannot be statically extracted

Import trace for requested module:
./node_modules/.pnpm/require-in-the-middle@7.5.2/node_modules/require-in-the-middle/index.js
./node_modules/.pnpm/@opentelemetry+instrumentation@0.203.0_@opentelemetry+api@1.9.0/node_modules/@opentelemetry/instrumentation/build/esm/platform/node/instrumentation.js
./node_modules/.pnpm/@opentelemetry+instrumentation@0.203.0_@opentelemetry+api@1.9.0/node_modules/@opentelemetry/instrumentation/build/esm/platform/node/index.js
./node_modules/.pnpm/@opentelemetry+instrumentation@0.203.0_@opentelemetry+api@1.9.0/node_modules/@opentelemetry/instrumentation/build/esm/platform/index.js
./node_modules/.pnpm/@opentelemetry+instrumentation@0.203.0_@opentelemetry+api@1.9.0/node_modules/@opentelemetry/instrumentation/build/esm/index.js
./node_modules/.pnpm/@sentry+node@10.11.0/node_modules/@sentry/node/build/cjs/integrations/tracing/postgresjs.js
./node_modules/.pnpm/@sentry+node@10.11.0/node_modules/@sentry/node/build/cjs/index.js
./node_modules/.pnpm/@sentry+nextjs@10.11.0_@opentelemetry+context-async-hooks@2.1.0_@opentelemetry+api@1.9._d6ad509e5af4856a25ff689dc5b5798a/node_modules/@sentry/nextjs/build/cjs/index.server.js
./instrumentation-server.ts
 ⚠ ./node_modules/.pnpm/@opentelemetry+instrumentation@0.203.0_@opentelemetry+api@1.9.0/node_modules/@opentelemetry/instrumentation/build/esm/platform/node/instrumentation.js
Critical dependency: the request of a dependency is an expression

Import trace for requested module:
./node_modules/.pnpm/@opentelemetry+instrumentation@0.203.0_@opentelemetry+api@1.9.0/node_modules/@opentelemetry/instrumentation/build/esm/platform/node/instrumentation.js
./node_modules/.pnpm/@opentelemetry+instrumentation@0.203.0_@opentelemetry+api@1.9.0/node_modules/@opentelemetry/instrumentation/build/esm/platform/node/index.js
./node_modules/.pnpm/@opentelemetry+instrumentation@0.203.0_@opentelemetry+api@1.9.0/node_modules/@opentelemetry/instrumentation/build/esm/platform/index.js
./node_modules/.pnpm/@opentelemetry+instrumentation@0.203.0_@opentelemetry+api@1.9.0/node_modules/@opentelemetry/instrumentation/build/esm/index.js
./node_modules/.pnpm/@sentry+node@10.11.0/node_modules/@sentry/node/build/cjs/integrations/tracing/postgresjs.js
./node_modules/.pnpm/@sentry+node@10.11.0/node_modules/@sentry/node/build/cjs/index.js
./node_modules/.pnpm/@sentry+nextjs@10.11.0_@opentelemetry+context-async-hooks@2.1.0_@opentelemetry+api@1.9._d6ad509e5af4856a25ff689dc5b5798a/node_modules/@sentry/nextjs/build/cjs/index.server.js
./instrumentation-server.ts

./node_modules/.pnpm/require-in-the-middle@7.5.2/node_modules/require-in-the-middle/index.js
Critical dependency: require function is used in a way in which dependencies cannot be statically extracted

Import trace for requested module:
./node_modules/.pnpm/require-in-the-middle@7.5.2/node_modules/require-in-the-middle/index.js
./node_modules/.pnpm/@opentelemetry+instrumentation@0.203.0_@opentelemetry+api@1.9.0/node_modules/@opentelemetry/instrumentation/build/esm/platform/node/instrumentation.js
./node_modules/.pnpm/@opentelemetry+instrumentation@0.203.0_@opentelemetry+api@1.9.0/node_modules/@opentelemetry/instrumentation/build/esm/platform/node/index.js
./node_modules/.pnpm/@opentelemetry+instrumentation@0.203.0_@opentelemetry+api@1.9.0/node_modules/@opentelemetry/instrumentation/build/esm/platform/index.js
./node_modules/.pnpm/@opentelemetry+instrumentation@0.203.0_@opentelemetry+api@1.9.0/node_modules/@opentelemetry/instrumentation/build/esm/index.js
./node_modules/.pnpm/@sentry+node@10.11.0/node_modules/@sentry/node/build/cjs/integrations/tracing/postgresjs.js
./node_modules/.pnpm/@sentry+node@10.11.0/node_modules/@sentry/node/build/cjs/index.js
./node_modules/.pnpm/@sentry+nextjs@10.11.0_@opentelemetry+context-async-hooks@2.1.0_@opentelemetry+api@1.9._d6ad509e5af4856a25ff689dc5b5798a/node_modules/@sentry/nextjs/build/cjs/index.server.js
./instrumentation-server.ts
⚠️  Node.js 18 and below are deprecated and will no longer be supported in future versions of @supabase/supabase-js. Please upgrade to Node.js 20 or later. For more information, visit: https://github.com/orgs/supabase/discussions/37217
⚠️  Node.js 18 and below are deprecated and will no longer be supported in future versions of @supabase/supabase-js. Please upgrade to Node.js 20 or later. For more information, visit: https://github.com/orgs/supabase/discussions/37217
No authenticated user found
 GET /admin/login 200 in 1960ms
No authenticated user found
 GET /admin/login 200 in 68ms
No authenticated user found
 GET /admin/login 200 in 71ms
 GET / 200 in 269ms
No authenticated user found
 GET /admin/login 200 in 67ms
No authenticated user found
 GET /admin/login 200 in 76ms
No authenticated user found
 GET /admin/login 200 in 52ms
No authenticated user found
 GET /admin/login 200 in 55ms
No authenticated user found
 GET /admin/login 200 in 53ms
No authenticated user found
 GET /admin/login 200 in 60ms
No authenticated user found
 GET /admin/login 200 in 66ms
 GET / 200 in 106ms
No authenticated user found
 GET /admin/login 200 in 60ms
No authenticated user found
 GET /admin/login 200 in 49ms
No authenticated user found
 GET /admin/login 200 in 53ms
No authenticated user found
 GET /admin/login 200 in 61ms
No authenticated user found
 GET /admin/login 200 in 50ms
No authenticated user found
 GET /admin/login 200 in 55ms
No authenticated user found
 GET /admin/login 200 in 55ms
No authenticated user found
 GET /admin/login 200 in 53ms
 GET / 200 in 112ms
No authenticated user found
 GET /admin/login 200 in 53ms
No authenticated user found
 GET /admin/login 200 in 48ms
No authenticated user found
 GET /admin/login 200 in 57ms
No authenticated user found
 GET /admin/login 200 in 59ms
No authenticated user found
 GET /admin/login 200 in 54ms
No authenticated user found
 GET /admin/login 200 in 52ms
No authenticated user found
 GET /admin/login 200 in 53ms
No authenticated user found
 GET / 200 in 171ms
 GET /admin/login 200 in 177ms
No authenticated user found
 GET /admin/login 200 in 41ms
No authenticated user found
 GET /admin/login 200 in 46ms
No authenticated user found
 GET /admin/login 200 in 95ms
No authenticated user found
 GET /admin/login 200 in 49ms
No authenticated user found
 GET /admin/login 200 in 64ms
No authenticated user found
 GET /admin/login 200 in 54ms
No authenticated user found
 GET /admin/login 200 in 94ms
 GET / 200 in 138ms
No authenticated user found
 GET /admin/login 200 in 43ms
No authenticated user found
 GET /admin/login 200 in 84ms
No authenticated user found
 GET /admin/login 200 in 61ms
No authenticated user found
 GET /admin/login 200 in 162ms
No authenticated user found
 GET /admin/login 200 in 62ms
No authenticated user found
 GET /admin/login 200 in 60ms
 GET / 200 in 114ms
No authenticated user found
 GET /admin/login 200 in 52ms
No authenticated user found
 GET /admin/login 200 in 47ms
No authenticated user found
 GET /admin/login 200 in 59ms
No authenticated user found
 GET /admin/login 200 in 50ms
No authenticated user found
 GET /admin/login 200 in 48ms
No authenticated user found
 GET /admin/login 200 in 52ms
No authenticated user found
 GET /admin/login 200 in 67ms
No authenticated user found
 GET /admin/login 200 in 61ms
 GET / 200 in 108ms
No authenticated user found
 GET /admin/login 200 in 51ms
No authenticated user found
 GET /admin/login 200 in 57ms
No authenticated user found
 GET /admin/login 200 in 51ms
No authenticated user found
 GET /admin/login 200 in 53ms
No authenticated user found
 GET /admin/login 200 in 59ms
No authenticated user found
 GET /admin/login 200 in 54ms
No authenticated user found
 GET /admin/login 200 in 80ms
No authenticated user found
 GET /admin/login 200 in 74ms
 GET / 200 in 127ms
No authenticated user found
 GET /admin/login 200 in 58ms
No authenticated user found
 GET /admin/login 200 in 57ms
No authenticated user found
 GET /admin/login 200 in 60ms
No authenticated user found
 GET /admin/login 200 in 59ms
No authenticated user found
 GET /admin/login 200 in 99ms
No authenticated user found
 GET /admin/login 200 in 61ms
No authenticated user found
 GET /admin/login 200 in 53ms
 GET / 200 in 105ms
No authenticated user found
 GET /admin/login 200 in 53ms
No authenticated user found
 GET /admin/login 200 in 113ms
No authenticated user found
 GET /admin/login 200 in 47ms
No authenticated user found
 GET /admin/login 200 in 94ms
 ⚠ ./node_modules/.pnpm/@opentelemetry+instrumentation@0.203.0_@opentelemetry+api@1.9.0/node_modules/@opentelemetry/instrumentation/build/esm/platform/node/instrumentation.js
Critical dependency: the request of a dependency is an expression

Import trace for requested module:
./node_modules/.pnpm/@opentelemetry+instrumentation@0.203.0_@opentelemetry+api@1.9.0/node_modules/@opentelemetry/instrumentation/build/esm/platform/node/instrumentation.js
./node_modules/.pnpm/@opentelemetry+instrumentation@0.203.0_@opentelemetry+api@1.9.0/node_modules/@opentelemetry/instrumentation/build/esm/platform/node/index.js
./node_modules/.pnpm/@opentelemetry+instrumentation@0.203.0_@opentelemetry+api@1.9.0/node_modules/@opentelemetry/instrumentation/build/esm/platform/index.js
./node_modules/.pnpm/@opentelemetry+instrumentation@0.203.0_@opentelemetry+api@1.9.0/node_modules/@opentelemetry/instrumentation/build/esm/index.js
./node_modules/.pnpm/@sentry+node@10.11.0/node_modules/@sentry/node/build/cjs/integrations/tracing/postgresjs.js
./node_modules/.pnpm/@sentry+node@10.11.0/node_modules/@sentry/node/build/cjs/index.js
./node_modules/.pnpm/@sentry+nextjs@10.11.0_@opentelemetry+context-async-hooks@2.1.0_@opentelemetry+api@1.9._d6ad509e5af4856a25ff689dc5b5798a/node_modules/@sentry/nextjs/build/cjs/index.server.js
./instrumentation-server.ts

./node_modules/.pnpm/require-in-the-middle@7.5.2/node_modules/require-in-the-middle/index.js
Critical dependency: require function is used in a way in which dependencies cannot be statically extracted

Import trace for requested module:
./node_modules/.pnpm/require-in-the-middle@7.5.2/node_modules/require-in-the-middle/index.js
./node_modules/.pnpm/@opentelemetry+instrumentation@0.203.0_@opentelemetry+api@1.9.0/node_modules/@opentelemetry/instrumentation/build/esm/platform/node/instrumentation.js
./node_modules/.pnpm/@opentelemetry+instrumentation@0.203.0_@opentelemetry+api@1.9.0/node_modules/@opentelemetry/instrumentation/build/esm/platform/node/index.js
./node_modules/.pnpm/@opentelemetry+instrumentation@0.203.0_@opentelemetry+api@1.9.0/node_modules/@opentelemetry/instrumentation/build/esm/platform/index.js
./node_modules/.pnpm/@opentelemetry+instrumentation@0.203.0_@opentelemetry+api@1.9.0/node_modules/@opentelemetry/instrumentation/build/esm/index.js
./node_modules/.pnpm/@sentry+node@10.11.0/node_modules/@sentry/node/build/cjs/integrations/tracing/postgresjs.js
./node_modules/.pnpm/@sentry+node@10.11.0/node_modules/@sentry/node/build/cjs/index.js
./node_modules/.pnpm/@sentry+nextjs@10.11.0_@opentelemetry+context-async-hooks@2.1.0_@opentelemetry+api@1.9._d6ad509e5af4856a25ff689dc5b5798a/node_modules/@sentry/nextjs/build/cjs/index.server.js
./instrumentation-server.ts
 ⚠ ./node_modules/.pnpm/@opentelemetry+instrumentation@0.203.0_@opentelemetry+api@1.9.0/node_modules/@opentelemetry/instrumentation/build/esm/platform/node/instrumentation.js
Critical dependency: the request of a dependency is an expression

Import trace for requested module:
./node_modules/.pnpm/@opentelemetry+instrumentation@0.203.0_@opentelemetry+api@1.9.0/node_modules/@opentelemetry/instrumentation/build/esm/platform/node/instrumentation.js
./node_modules/.pnpm/@opentelemetry+instrumentation@0.203.0_@opentelemetry+api@1.9.0/node_modules/@opentelemetry/instrumentation/build/esm/platform/node/index.js
./node_modules/.pnpm/@opentelemetry+instrumentation@0.203.0_@opentelemetry+api@1.9.0/node_modules/@opentelemetry/instrumentation/build/esm/platform/index.js
./node_modules/.pnpm/@opentelemetry+instrumentation@0.203.0_@opentelemetry+api@1.9.0/node_modules/@opentelemetry/instrumentation/build/esm/index.js
./node_modules/.pnpm/@sentry+node@10.11.0/node_modules/@sentry/node/build/cjs/integrations/tracing/postgresjs.js
./node_modules/.pnpm/@sentry+node@10.11.0/node_modules/@sentry/node/build/cjs/index.js
./node_modules/.pnpm/@sentry+nextjs@10.11.0_@opentelemetry+context-async-hooks@2.1.0_@opentelemetry+api@1.9._d6ad509e5af4856a25ff689dc5b5798a/node_modules/@sentry/nextjs/build/cjs/index.server.js
./instrumentation-server.ts

./node_modules/.pnpm/require-in-the-middle@7.5.2/node_modules/require-in-the-middle/index.js
Critical dependency: require function is used in a way in which dependencies cannot be statically extracted

Import trace for requested module:
./node_modules/.pnpm/require-in-the-middle@7.5.2/node_modules/require-in-the-middle/index.js
./node_modules/.pnpm/@opentelemetry+instrumentation@0.203.0_@opentelemetry+api@1.9.0/node_modules/@opentelemetry/instrumentation/build/esm/platform/node/instrumentation.js
./node_modules/.pnpm/@opentelemetry+instrumentation@0.203.0_@opentelemetry+api@1.9.0/node_modules/@opentelemetry/instrumentation/build/esm/platform/node/index.js
./node_modules/.pnpm/@opentelemetry+instrumentation@0.203.0_@opentelemetry+api@1.9.0/node_modules/@opentelemetry/instrumentation/build/esm/platform/index.js
./node_modules/.pnpm/@opentelemetry+instrumentation@0.203.0_@opentelemetry+api@1.9.0/node_modules/@opentelemetry/instrumentation/build/esm/index.js
./node_modules/.pnpm/@sentry+node@10.11.0/node_modules/@sentry/node/build/cjs/integrations/tracing/postgresjs.js
./node_modules/.pnpm/@sentry+node@10.11.0/node_modules/@sentry/node/build/cjs/index.js
./node_modules/.pnpm/@sentry+nextjs@10.11.0_@opentelemetry+context-async-hooks@2.1.0_@opentelemetry+api@1.9._d6ad509e5af4856a25ff689dc5b5798a/node_modules/@sentry/nextjs/build/cjs/index.server.js
./instrumentation-server.ts
⚠️  Node.js 18 and below are deprecated and will no longer be supported in future versions of @supabase/supabase-js. Please upgrade to Node.js 20 or later. For more information, visit: https://github.com/orgs/supabase/discussions/37217
 HEAD /api/admin/cases 401 in 904ms
⚠️  Node.js 18 and below are deprecated and will no longer be supported in future versions of @supabase/supabase-js. Please upgrade to Node.js 20 or later. For more information, visit: https://github.com/orgs/supabase/discussions/37217
No authenticated user found
 GET /admin/login 200 in 167ms
No authenticated user found
 GET /admin/login 200 in 72ms
 GET / 200 in 259ms
No authenticated user found
 GET /admin/login 200 in 56ms
No authenticated user found
 GET /admin/login 200 in 67ms
No authenticated user found
 GET /admin/login 200 in 43ms
 ⚠ ./node_modules/.pnpm/@opentelemetry+instrumentation@0.203.0_@opentelemetry+api@1.9.0/node_modules/@opentelemetry/instrumentation/build/esm/platform/node/instrumentation.js
Critical dependency: the request of a dependency is an expression

Import trace for requested module:
./node_modules/.pnpm/@opentelemetry+instrumentation@0.203.0_@opentelemetry+api@1.9.0/node_modules/@opentelemetry/instrumentation/build/esm/platform/node/instrumentation.js
./node_modules/.pnpm/@opentelemetry+instrumentation@0.203.0_@opentelemetry+api@1.9.0/node_modules/@opentelemetry/instrumentation/build/esm/platform/node/index.js
./node_modules/.pnpm/@opentelemetry+instrumentation@0.203.0_@opentelemetry+api@1.9.0/node_modules/@opentelemetry/instrumentation/build/esm/platform/index.js
./node_modules/.pnpm/@opentelemetry+instrumentation@0.203.0_@opentelemetry+api@1.9.0/node_modules/@opentelemetry/instrumentation/build/esm/index.js
./node_modules/.pnpm/@sentry+node@10.11.0/node_modules/@sentry/node/build/cjs/integrations/tracing/postgresjs.js
./node_modules/.pnpm/@sentry+node@10.11.0/node_modules/@sentry/node/build/cjs/index.js
./node_modules/.pnpm/@sentry+nextjs@10.11.0_@opentelemetry+context-async-hooks@2.1.0_@opentelemetry+api@1.9._d6ad509e5af4856a25ff689dc5b5798a/node_modules/@sentry/nextjs/build/cjs/index.server.js
./instrumentation-server.ts

./node_modules/.pnpm/require-in-the-middle@7.5.2/node_modules/require-in-the-middle/index.js
Critical dependency: require function is used in a way in which dependencies cannot be statically extracted

Import trace for requested module:
./node_modules/.pnpm/require-in-the-middle@7.5.2/node_modules/require-in-the-middle/index.js
./node_modules/.pnpm/@opentelemetry+instrumentation@0.203.0_@opentelemetry+api@1.9.0/node_modules/@opentelemetry/instrumentation/build/esm/platform/node/instrumentation.js
./node_modules/.pnpm/@opentelemetry+instrumentation@0.203.0_@opentelemetry+api@1.9.0/node_modules/@opentelemetry/instrumentation/build/esm/platform/node/index.js
./node_modules/.pnpm/@opentelemetry+instrumentation@0.203.0_@opentelemetry+api@1.9.0/node_modules/@opentelemetry/instrumentation/build/esm/platform/index.js
./node_modules/.pnpm/@opentelemetry+instrumentation@0.203.0_@opentelemetry+api@1.9.0/node_modules/@opentelemetry/instrumentation/build/esm/index.js
./node_modules/.pnpm/@sentry+node@10.11.0/node_modules/@sentry/node/build/cjs/integrations/tracing/postgresjs.js
./node_modules/.pnpm/@sentry+node@10.11.0/node_modules/@sentry/node/build/cjs/index.js
./node_modules/.pnpm/@sentry+nextjs@10.11.0_@opentelemetry+context-async-hooks@2.1.0_@opentelemetry+api@1.9._d6ad509e5af4856a25ff689dc5b5798a/node_modules/@sentry/nextjs/build/cjs/index.server.js
./instrumentation-server.ts
 ⚠ ./node_modules/.pnpm/@opentelemetry+instrumentation@0.203.0_@opentelemetry+api@1.9.0/node_modules/@opentelemetry/instrumentation/build/esm/platform/node/instrumentation.js
Critical dependency: the request of a dependency is an expression

Import trace for requested module:
./node_modules/.pnpm/@opentelemetry+instrumentation@0.203.0_@opentelemetry+api@1.9.0/node_modules/@opentelemetry/instrumentation/build/esm/platform/node/instrumentation.js
./node_modules/.pnpm/@opentelemetry+instrumentation@0.203.0_@opentelemetry+api@1.9.0/node_modules/@opentelemetry/instrumentation/build/esm/platform/node/index.js
./node_modules/.pnpm/@opentelemetry+instrumentation@0.203.0_@opentelemetry+api@1.9.0/node_modules/@opentelemetry/instrumentation/build/esm/platform/index.js
./node_modules/.pnpm/@opentelemetry+instrumentation@0.203.0_@opentelemetry+api@1.9.0/node_modules/@opentelemetry/instrumentation/build/esm/index.js
./node_modules/.pnpm/@sentry+node@10.11.0/node_modules/@sentry/node/build/cjs/integrations/tracing/postgresjs.js
./node_modules/.pnpm/@sentry+node@10.11.0/node_modules/@sentry/node/build/cjs/index.js
./node_modules/.pnpm/@sentry+nextjs@10.11.0_@opentelemetry+context-async-hooks@2.1.0_@opentelemetry+api@1.9._d6ad509e5af4856a25ff689dc5b5798a/node_modules/@sentry/nextjs/build/cjs/index.server.js
./instrumentation-server.ts

./node_modules/.pnpm/require-in-the-middle@7.5.2/node_modules/require-in-the-middle/index.js
Critical dependency: require function is used in a way in which dependencies cannot be statically extracted

Import trace for requested module:
./node_modules/.pnpm/require-in-the-middle@7.5.2/node_modules/require-in-the-middle/index.js
./node_modules/.pnpm/@opentelemetry+instrumentation@0.203.0_@opentelemetry+api@1.9.0/node_modules/@opentelemetry/instrumentation/build/esm/platform/node/instrumentation.js
./node_modules/.pnpm/@opentelemetry+instrumentation@0.203.0_@opentelemetry+api@1.9.0/node_modules/@opentelemetry/instrumentation/build/esm/platform/node/index.js
./node_modules/.pnpm/@opentelemetry+instrumentation@0.203.0_@opentelemetry+api@1.9.0/node_modules/@opentelemetry/instrumentation/build/esm/platform/index.js
./node_modules/.pnpm/@opentelemetry+instrumentation@0.203.0_@opentelemetry+api@1.9.0/node_modules/@opentelemetry/instrumentation/build/esm/index.js
./node_modules/.pnpm/@sentry+node@10.11.0/node_modules/@sentry/node/build/cjs/integrations/tracing/postgresjs.js
./node_modules/.pnpm/@sentry+node@10.11.0/node_modules/@sentry/node/build/cjs/index.js
./node_modules/.pnpm/@sentry+nextjs@10.11.0_@opentelemetry+context-async-hooks@2.1.0_@opentelemetry+api@1.9._d6ad509e5af4856a25ff689dc5b5798a/node_modules/@sentry/nextjs/build/cjs/index.server.js
./instrumentation-server.ts
 GET /api/csrf 200 in 535ms
⚠️  Node.js 18 and below are deprecated and will no longer be supported in future versions of @supabase/supabase-js. Please upgrade to Node.js 20 or later. For more information, visit: https://github.com/orgs/supabase/discussions/37217
⚠️  Node.js 18 and below are deprecated and will no longer be supported in future versions of @supabase/supabase-js. Please upgrade to Node.js 20 or later. For more information, visit: https://github.com/orgs/supabase/discussions/37217
No authenticated user found
 GET /admin/login 200 in 166ms
No authenticated user found
 GET /admin/login 200 in 51ms
No authenticated user found
 GET /admin/login 200 in 67ms
 GET / 200 in 200ms
No authenticated user found
 GET /admin/login 200 in 75ms
No authenticated user found
 GET /admin/login 200 in 58ms
No authenticated user found
 GET /admin/login 200 in 50ms
No authenticated user found
 GET /admin/login 200 in 50ms
No authenticated user found
 GET /admin/login 200 in 54ms
No authenticated user found
 GET /admin/login 200 in 57ms
No authenticated user found
 GET /admin/login 200 in 67ms
No authenticated user found
 GET /admin/login 200 in 65ms
 GET / 200 in 115ms
No authenticated user found
 GET /admin/login 200 in 49ms
No authenticated user found
 GET /admin/login 200 in 42ms
No authenticated user found
 GET /admin/login 200 in 54ms
No authenticated user found
 GET /admin/login 200 in 49ms
No authenticated user found
 GET /admin/login 200 in 51ms
No authenticated user found
 GET /admin/login 200 in 57ms
No authenticated user found
 GET /admin/login 200 in 63ms
 GET / 200 in 121ms
No authenticated user found
 GET /admin/login 200 in 54ms
No authenticated user found
 GET /admin/login 200 in 53ms
No authenticated user found
 GET /admin/login 200 in 61ms
No authenticated user found
 GET /admin/login 200 in 53ms
No authenticated user found
 GET /admin/login 200 in 60ms
<w> [webpack.cache.PackFileCacheStrategy] Serializing big strings (108kiB) impacts deserialization performance (consider using Buffer instead and decode when needed)
No authenticated user found
 GET /admin/login 200 in 259ms
No authenticated user found
 GET /admin/login 200 in 52ms
 GET / 200 in 107ms
No authenticated user found
 GET /admin/login 200 in 53ms
No authenticated user found
 GET /admin/login 200 in 55ms
No authenticated user found
 GET /admin/login 200 in 58ms
No authenticated user found
 GET /admin/login 200 in 98ms
No authenticated user found
 GET /admin/login 200 in 53ms
No authenticated user found
 GET /admin/login 200 in 80ms
No authenticated user found
 GET /admin/login 200 in 49ms
No authenticated user found
 GET /admin/login 200 in 80ms
No authenticated user found
 GET /admin/login 200 in 44ms
No authenticated user found
 GET /admin/login 200 in 83ms
No authenticated user found
 GET /admin/login 200 in 44ms
No authenticated user found
 GET /admin/login 200 in 85ms
No authenticated user found
 GET /admin/login 200 in 46ms
No authenticated user found
 GET /admin/login 200 in 44ms
No authenticated user found
 GET /admin/login 200 in 51ms
No authenticated user found
 GET /admin/login 200 in 61ms
No authenticated user found
 GET /admin/login 200 in 62ms
No authenticated user found
 GET /admin/login 200 in 47ms
No authenticated user found
 GET /admin/login 200 in 48ms
No authenticated user found
 GET /admin/login 200 in 56ms
No authenticated user found
 GET /admin/login 200 in 66ms
No authenticated user found
 GET /admin/login 200 in 49ms
No authenticated user found
 GET /admin/login 200 in 65ms
No authenticated user found
 GET /admin/login 200 in 53ms
No authenticated user found
 GET /admin/login 200 in 62ms
No authenticated user found
 GET /admin/login 200 in 51ms
No authenticated user found
 GET /admin/login 200 in 48ms
No authenticated user found
 GET /admin/login 200 in 59ms
No authenticated user found
 GET /admin/login 200 in 54ms
No authenticated user found
 GET /admin/login 200 in 55ms
No authenticated user found
 GET /admin/login 200 in 62ms
No authenticated user found
 GET /admin/login 200 in 51ms
No authenticated user found
 GET /admin/login 200 in 52ms
No authenticated user found
 GET /admin/login 200 in 172ms
 GET / 200 in 167ms
No authenticated user found
 GET /admin/login 200 in 55ms
No authenticated user found
 GET /admin/login 200 in 51ms
No authenticated user found
 GET /admin/login 200 in 44ms
No authenticated user found
 GET /admin/login 200 in 50ms
No authenticated user found
 GET /admin/login 200 in 54ms
No authenticated user found
 GET /admin/login 200 in 57ms
No authenticated user found
 GET /admin/login 200 in 82ms
 GET / 200 in 101ms
No authenticated user found
 GET /admin/login 200 in 48ms
No authenticated user found
 GET /admin/login 200 in 84ms
No authenticated user found
 GET /admin/login 200 in 62ms
No authenticated user found
 GET /admin/login 200 in 53ms
No authenticated user found
 GET /admin/login 200 in 53ms
No authenticated user found
 GET /admin/login 200 in 61ms
No authenticated user found
 GET /admin/login 200 in 66ms
No authenticated user found
 GET /admin/login 200 in 51ms
 GET / 200 in 87ms
No authenticated user found
 GET /admin/login 200 in 42ms
No authenticated user found
 GET /admin/login 200 in 46ms
No authenticated user found
 GET /admin/login 200 in 49ms
No authenticated user found
 GET /admin/login 200 in 62ms
No authenticated user found
 GET /admin/login 200 in 53ms
No authenticated user found
 GET /admin/login 200 in 56ms
No authenticated user found
 GET /admin/login 200 in 52ms
 GET / 200 in 113ms
No authenticated user found
 GET /admin/login 200 in 61ms
No authenticated user found
 GET /admin/login 200 in 48ms
No authenticated user found
 GET /admin/login 200 in 48ms
No authenticated user found
 GET /admin/login 200 in 50ms
No authenticated user found
 GET /admin/login 200 in 60ms
No authenticated user found
 GET /admin/login 200 in 78ms
No authenticated user found
 GET /admin/login 200 in 58ms
No authenticated user found
 GET /admin/login 200 in 70ms
 GET / 200 in 114ms
No authenticated user found
 GET /admin/login 200 in 66ms
No authenticated user found
 GET /admin/login 200 in 62ms
No authenticated user found
 GET /admin/login 200 in 50ms
No authenticated user found
 GET /admin/login 200 in 51ms
No authenticated user found
 GET /admin/login 200 in 55ms
No authenticated user found
 GET /admin/login 200 in 46ms
No authenticated user found
 GET /admin/login 200 in 54ms
No authenticated user found
 GET /admin/login 200 in 47ms
 GET / 200 in 111ms
No authenticated user found
 GET /admin/login 200 in 53ms
No authenticated user found
 GET /admin/login 200 in 56ms
No authenticated user found
 GET /admin/login 200 in 52ms
No authenticated user found
 GET /admin/login 200 in 54ms
No authenticated user found
 GET /admin/login 200 in 101ms
No authenticated user found
 GET /admin/login 200 in 66ms
No authenticated user found
 GET /admin/login 200 in 40ms
No authenticated user found
 GET /admin/login 200 in 47ms
 GET / 200 in 136ms
No authenticated user found
 GET /admin/login 200 in 52ms
No authenticated user found
 GET /admin/login 200 in 51ms
No authenticated user found
 GET /admin/login 200 in 52ms
No authenticated user found
 GET /admin/login 200 in 47ms
No authenticated user found
 GET /admin/login 200 in 65ms
No authenticated user found
 GET /admin/login 200 in 55ms
No authenticated user found
 GET /admin/login 200 in 80ms
No authenticated user found
 GET /admin/login 200 in 55ms
 GET / 200 in 114ms
No authenticated user found
 GET /admin/login 200 in 47ms
No authenticated user found
 GET /admin/login 200 in 49ms
No authenticated user found
 GET /admin/login 200 in 46ms
No authenticated user found
 GET /admin/login 200 in 44ms
No authenticated user found
 GET /admin/login 200 in 57ms
No authenticated user found
 GET /admin/login 200 in 49ms
No authenticated user found
 GET /admin/login 200 in 49ms
No authenticated user found
 GET /admin/login 200 in 51ms
 GET / 200 in 120ms
No authenticated user found
 GET /admin/login 200 in 50ms
No authenticated user found
 GET /admin/login 200 in 41ms
No authenticated user found
 GET /admin/login 200 in 52ms
No authenticated user found
 GET /admin/login 200 in 56ms
No authenticated user found
 GET /admin/login 200 in 66ms
No authenticated user found
 GET /admin/login 200 in 50ms
No authenticated user found
 GET /admin/login 200 in 84ms
No authenticated user found
 GET /admin/login 200 in 54ms
No authenticated user found
 GET /admin/login 200 in 66ms
 GET / 200 in 331ms
No authenticated user found
 GET /admin/login 200 in 58ms
No authenticated user found
 GET /admin/login 200 in 68ms
No authenticated user found
 GET /admin/login 200 in 52ms
No authenticated user found
 GET /admin/login 200 in 72ms
No authenticated user found
 GET /admin/login 200 in 60ms
No authenticated user found
 GET /admin/login 200 in 73ms
 GET / 200 in 117ms
No authenticated user found
 GET /admin/login 200 in 56ms
No authenticated user found
 GET /admin/login 200 in 77ms
No authenticated user found
 GET /admin/login 200 in 46ms
No authenticated user found
 GET /admin/login 200 in 98ms
No authenticated user found
 GET /admin/login 200 in 51ms
No authenticated user found
 GET /admin/login 200 in 95ms
No authenticated user found
 GET /admin/login 200 in 51ms
No authenticated user found
 GET /admin/login 200 in 71ms
 GET / 200 in 90ms
No authenticated user found
 GET /admin/login 200 in 53ms
No authenticated user found
 GET /admin/login 200 in 63ms
No authenticated user found
 GET /admin/login 200 in 50ms
No authenticated user found
 GET /admin/login 200 in 41ms
No authenticated user found
 GET /admin/login 200 in 52ms
No authenticated user found
 GET /admin/login 200 in 53ms
No authenticated user found
 GET /admin/login 200 in 48ms
 GET / 200 in 104ms
No authenticated user found
 GET /admin/login 200 in 53ms
No authenticated user found
 GET /admin/login 200 in 45ms
No authenticated user found
 GET /admin/login 200 in 53ms
No authenticated user found
 GET /admin/login 200 in 51ms
No authenticated user found
 GET /admin/login 200 in 59ms
No authenticated user found
 GET /admin/login 200 in 43ms
No authenticated user found
 GET /admin/login 200 in 62ms
No authenticated user found
 GET /admin/login 200 in 56ms
No authenticated user found
 GET /admin/login 200 in 47ms
 GET / 200 in 119ms
No authenticated user found
 GET /admin/login 200 in 74ms
No authenticated user found
 GET /admin/login 200 in 61ms
No authenticated user found
 GET /admin/login 200 in 40ms
No authenticated user found
 GET /admin/login 200 in 54ms
No authenticated user found
 GET /admin/login 200 in 59ms
No authenticated user found
 GET /admin/login 200 in 50ms
No authenticated user found
 GET /admin/login 200 in 60ms
No authenticated user found
 GET /admin/login 200 in 65ms
No authenticated user found
 GET /admin/login 200 in 60ms
 GET / 200 in 105ms
No authenticated user found
 GET /admin/login 200 in 53ms
No authenticated user found
 GET /admin/login 200 in 67ms
No authenticated user found
 GET /admin/login 200 in 47ms
No authenticated user found
 GET /admin/login 200 in 53ms
No authenticated user found
 GET /admin/login 200 in 72ms
No authenticated user found
 GET /admin/login 200 in 46ms
No authenticated user found
 GET /admin/login 200 in 43ms
 GET / 200 in 107ms
No authenticated user found
 GET /admin/login 200 in 80ms
No authenticated user found
 GET /admin/login 200 in 50ms
No authenticated user found
 GET /admin/login 200 in 78ms
No authenticated user found
 GET /admin/login 200 in 51ms
No authenticated user found
 GET /admin/login 200 in 80ms
No authenticated user found
 GET /admin/login 200 in 53ms
No authenticated user found
 GET /admin/login 200 in 79ms
No authenticated user found
 GET /admin/login 200 in 45ms
No authenticated user found
 GET /admin/login 200 in 57ms
No authenticated user found
 GET /admin/login 200 in 49ms
No authenticated user found
 GET /admin/login 200 in 52ms
No authenticated user found
 GET /admin/login 200 in 63ms
No authenticated user found
 GET /admin/login 200 in 48ms
No authenticated user found
 GET /admin/login 200 in 39ms
No authenticated user found
 GET /admin/login 200 in 54ms
No authenticated user found
 GET /admin/login 200 in 49ms
No authenticated user found
 GET /admin/login 200 in 50ms
No authenticated user found
 GET /admin/login 200 in 47ms
